[debug] [2026-06-23T06:21:37.934Z] ----------------------------------------------------------------------
[debug] [2026-06-23T06:21:37.938Z] Command:       C:\Program Files\nodejs\node.exe C:\Users\won\AppData\Roaming\npm\node_modules\firebase-tools\lib\bin\firebase.js projects:list
[debug] [2026-06-23T06:21:37.938Z] CLI Version:   15.19.1
[debug] [2026-06-23T06:21:37.938Z] Platform:      win32
[debug] [2026-06-23T06:21:37.938Z] Node Version:  v24.16.0
[debug] [2026-06-23T06:21:37.939Z] Time:          Tue Jun 23 2026 15:21:37 GMT+0900 (한국 표준시)
[debug] [2026-06-23T06:21:37.939Z] ----------------------------------------------------------------------
[debug] 
[debug] [2026-06-23T06:21:38.197Z] > command requires scopes: ["email","openid","https://www.googleapis.com/auth/cloudplatformprojects.readonly","https://www.googleapis.com/auth/firebase","https://www.googleapis.com/auth/cloud-platform"]
[debug] [2026-06-23T06:21:38.198Z] > authorizing via signed-in user (dyrhl4321@gmail.com)
[debug] [2026-06-23T06:21:38.202Z] Checked if tokens are valid: false, expires at: 1672688038012
[debug] [2026-06-23T06:21:38.202Z] Checked if tokens are valid: false, expires at: 1672688038012
[debug] [2026-06-23T06:21:38.203Z] > refreshing access token with scopes: []
[debug] [2026-06-23T06:21:38.205Z] >>> [apiv2][query] POST https://www.googleapis.com/oauth2/v3/token [none]
[debug] [2026-06-23T06:21:38.205Z] >>> [apiv2][body] POST https://www.googleapis.com/oauth2/v3/token [omitted]
[debug] [2026-06-23T06:21:38.538Z] <<< [apiv2][status] POST https://www.googleapis.com/oauth2/v3/token 400
[debug] [2026-06-23T06:21:38.539Z] <<< [apiv2][body] POST https://www.googleapis.com/oauth2/v3/token [omitted]
[debug] [2026-06-23T06:21:38.540Z] >>> [apiv2][query] GET https://firebase.googleapis.com/v1beta1/projects pageSize=1000
[debug] [2026-06-23T06:21:38.739Z] <<< [apiv2][status] GET https://firebase.googleapis.com/v1beta1/projects 401
[debug] [2026-06-23T06:21:38.739Z] <<< [apiv2][body] GET https://firebase.googleapis.com/v1beta1/projects [omitted]
[debug] [2026-06-23T06:21:38.739Z] Got a 401 Unauthenticated error for a call that required authentication. Refreshing tokens.
[debug] [2026-06-23T06:21:38.739Z] Checked if tokens are valid: false, expires at: 1672688038012
[debug] [2026-06-23T06:21:38.739Z] Checked if tokens are valid: false, expires at: 1672688038012
[debug] [2026-06-23T06:21:38.739Z] > refreshing access token with scopes: []
[debug] [2026-06-23T06:21:38.740Z] >>> [apiv2][query] POST https://www.googleapis.com/oauth2/v3/token [none]
[debug] [2026-06-23T06:21:38.740Z] >>> [apiv2][body] POST https://www.googleapis.com/oauth2/v3/token [omitted]
[debug] [2026-06-23T06:21:38.841Z] <<< [apiv2][status] POST https://www.googleapis.com/oauth2/v3/token 400
[debug] [2026-06-23T06:21:38.841Z] <<< [apiv2][body] POST https://www.googleapis.com/oauth2/v3/token [omitted]
[debug] [2026-06-23T06:21:38.842Z] Request to https://firebase.googleapis.com/v1beta1/projects?pageSize=1000 had HTTP Error: 401, Request had invalid authentication credentials. Expected OAuth 2 access token, login cookie or other valid authentication credential. See https://developers.google.com/identity/sign-in/web/devconsole-project.
[debug] [2026-06-23T06:21:39.094Z] FirebaseError: Request to https://firebase.googleapis.com/v1beta1/projects?pageSize=1000 had HTTP Error: 401, Request had invalid authentication credentials. Expected OAuth 2 access token, login cookie or other valid authentication credential. See https://developers.google.com/identity/sign-in/web/devconsole-project.
    at responseToError (C:\Users\won\AppData\Roaming\npm\node_modules\firebase-tools\lib\responseToError.js:53:12)
    at RetryOperation._fn (C:\Users\won\AppData\Roaming\npm\node_modules\firebase-tools\lib\apiv2.js:333:77)
    at process.processTicksAndRejections (node:internal/process/task_queues:104:5)
[error] 
[error] Error: Failed to list Firebase projects. See firebase-debug.log for more info.
